This is XeTeX, Version 3.141592653-2.6-0.999996 (TeX Live 2024) (preloaded format=xelatex 2024.10.15)  20 DEC 2024 19:25
entering extended mode
 restricted \write18 enabled.
 %&-line parsing enabled.
**assets/cvres/week_cv.tex
(./assets/cvres/week_cv.tex
LaTeX2e <2024-06-01> patch level 2
L3 programming layer <2024-09-10>

! LaTeX Error: File `developercv.cls' not found.

Type X to quit or <RETURN> to proceed,
or enter new name. (Default extension: cls)

Enter file name: 
(/usr/local/texlive/2024/texmf-dist/tex/latex/tools/multicol.sty
Package: multicol 2024/05/23 v1.9h multicolumn formatting (FMi)
\c@tracingmulticols=\count190
\mult@box=\box52
\multicol@leftmargin=\dimen141
\c@unbalance=\count191
\c@collectmore=\count192
\doublecol@number=\count193
\multicoltolerance=\count194
\multicolpretolerance=\count195
\full@width=\dimen142
\page@free=\dimen143
\premulticols=\dimen144
\postmulticols=\dimen145
\multicolsep=\skip49
\multicolbaselineskip=\skip50
\partial@page=\box53
\last@line=\box54
\mc@boxedresult=\box55
\maxbalancingoverflow=\dimen146
\mult@rightbox=\box56
\mult@grightbox=\box57
\mult@firstbox=\box58
\mult@gfirstbox=\box59
\@tempa=\box60
\@tempa=\box61
\@tempa=\box62
\@tempa=\box63
\@tempa=\box64
\@tempa=\box65
\@tempa=\box66
\@tempa=\box67
\@tempa=\box68
\@tempa=\box69
\@tempa=\box70
\@tempa=\box71
\@tempa=\box72
\@tempa=\box73
\@tempa=\box74
\@tempa=\box75
\@tempa=\box76
\@tempa=\box77
\@tempa=\box78
\@tempa=\box79
\@tempa=\box80
\@tempa=\box81
\@tempa=\box82
\@tempa=\box83
\@tempa=\box84
\@tempa=\box85
\@tempa=\box86
\@tempa=\box87
\@tempa=\box88
\@tempa=\box89
\@tempa=\box90
\@tempa=\box91
\@tempa=\box92
\@tempa=\box93
\@tempa=\box94
\@tempa=\box95
\c@minrows=\count196
\c@columnbadness=\count197
\c@finalcolumnbadness=\count198
\last@try=\dimen147
\multicolovershoot=\dimen148
\multicolundershoot=\dimen149
\mult@nat@firstbox=\box96
\colbreak@box=\box97
\mc@col@check@num=\count199
)
(/usr/local/texlive/2024/texmf-dist/tex/latex/lipsum/lipsum.sty
(/usr/local/texlive/2024/texmf-dist/tex/latex/l3packages/l3keys2e/l3keys2e.sty
(/usr/local/texlive/2024/texmf-dist/tex/latex/l3kernel/expl3.sty
Package: expl3 2024-09-10 L3 programming layer (loader) 

(/usr/local/texlive/2024/texmf-dist/tex/latex/l3backend/l3backend-xetex.def
File: l3backend-xetex.def 2024-05-08 L3 backend support: XeTeX
\g__graphics_track_int=\count266
\l__pdf_internal_box=\box98
\g__pdf_backend_annotation_int=\count267
\g__pdf_backend_link_int=\count268
))
Package: l3keys2e 2024-08-16 LaTeX2e option processing using LaTeX3 keys
)
Package: lipsum 2021-09-20 v2.7 150 paragraphs of Lorem Ipsum dummy text
\g__lipsum_par_int=\count269
\l__lipsum_a_int=\count270
\l__lipsum_b_int=\count271

(/usr/local/texlive/2024/texmf-dist/tex/latex/lipsum/lipsum.ltd.tex))
(/usr/local/texlive/2024/texmf-dist/tex/latex/outlines/outlines.sty
Package: outlines 2012/1/23 1.1 Ch. Pecheur

(/usr/local/texlive/2024/texmf-dist/tex/latex/base/ifthen.sty
Package: ifthen 2024/03/16 v1.1e Standard LaTeX ifthen package (DPC)
)) (./week_cv.aux)
\openout1 = `week_cv.aux'.

LaTeX Font Info:    Checking defaults for OML/cmm/m/it on input line 35.
LaTeX Font Info:    ... okay on input line 35.
LaTeX Font Info:    Checking defaults for OMS/cmsy/m/n on input line 35.
LaTeX Font Info:    ... okay on input line 35.
LaTeX Font Info:    Checking defaults for OT1/cmr/m/n on input line 35.
LaTeX Font Info:    ... okay on input line 35.
LaTeX Font Info:    Checking defaults for T1/cmr/m/n on input line 35.
LaTeX Font Info:    ... okay on input line 35.
LaTeX Font Info:    Checking defaults for TS1/cmr/m/n on input line 35.
LaTeX Font Info:    Trying to load font information for TS1+cmr on input line 3
5.
(/usr/local/texlive/2024/texmf-dist/tex/latex/base/ts1cmr.fd
File: ts1cmr.fd 2023/04/13 v2.5m Standard LaTeX font definitions
)
LaTeX Font Info:    ... okay on input line 35.
LaTeX Font Info:    Checking defaults for TU/lmr/m/n on input line 35.
LaTeX Font Info:    ... okay on input line 35.
LaTeX Font Info:    Checking defaults for OMX/cmex/m/n on input line 35.
LaTeX Font Info:    ... okay on input line 35.
LaTeX Font Info:    Checking defaults for U/cmr/m/n on input line 35.
LaTeX Font Info:    ... okay on input line 35.


! LaTeX Error: The font size command \normalsize is not defined:
               there is probably something wrong with the class file.

See the LaTeX manual or LaTeX Companion for explanation.
Type  H <return>  for immediate help.
 ...                                              
                                                  
l.35 \begin{document}
                     
? 
! Undefined control sequence.
l.44 ^^I{ \fontsize{16}{20} \textcolor
                                      {black}{\textbf{\MakeUppercase{Bob Wee...

? 
! Undefined control sequence.
l.48 ^^I{\Large
                Curriculum Vitae} % Career or current job title
? 
! Undefined control sequence.
l.55 ^^I\icon
             {Globe}{11}{\href{https://bobweek.github.io}{bobweek.github.io}}\\

? 
! Undefined control sequence.
l.55 ^^I\icon{Globe}{11}{\href
                              {https://bobweek.github.io}{bobweek.github.io}}\\

? 
! Undefined control sequence.
<recently read> \icon 
                      
l.56     \icon
              {Phone}{11}{\small{+1 360 216 9074}}\\
? 
! Undefined control sequence.
l.56     \icon{Phone}{11}{\small
                                {+1 360 216 9074}}\\
? 
! Undefined control sequence.
<recently read> \icon 
                      
l.57     \icon
              {MapMarker}{11}{Kiel, Germany}\\
? 

Underfull \hbox (badness 10000) in paragraph at lines 55--58

 []

! Undefined control sequence.
l.63 ^^I\icon
             {Envelope}{11}{\href{mailto:bweek@uoregon.edu}{bweek.ecoevo@pro...

? 
! Undefined control sequence.
l.63 ^^I\icon{Envelope}{11}{\href
                                 {mailto:bweek@uoregon.edu}{bweek.ecoevo@pro...

? 
! Undefined control sequence.
<recently read> \orcid 
                       
l.64     \orcid
               {11}{\href{https://orcid.org/0000-0001-7687-4757}{0000-0001-7...

? 
! Undefined control sequence.
l.64     \orcid{11}{\href
                         {https://orcid.org/0000-0001-7687-4757}{0000-0001-7...

? 
! Undefined control sequence.
<recently read> \icon 
                      
l.65     \icon
              {Github}{11}{\href{https://github.com/bobweek}{github.com/bobw...

? 
! Undefined control sequence.
l.65     \icon{Github}{11}{\href
                                {https://github.com/bobweek}{github.com/bobw...

? 

Underfull \hbox (badness 10000) in paragraph at lines 63--66

 []

! Undefined control sequence.
l.72 \cvsect
            {Education}
? 

! LaTeX Error: Environment entrylist undefined.

See the LaTeX manual or LaTeX Companion for explanation.
Type  H <return>  for immediate help.
 ...                                              
                                                  
l.73 \begin{entrylist}
                      
? 
! Undefined control sequence.
l.74     \entry
               
? 
! Undefined control sequence.
l.77 ^^I^^I{\href
                 {https://www.leeef.org/}{S.L. Nuismer Lab}, \href{https://w...

? 
! Undefined control sequence.
l.77 ...//www.leeef.org/}{S.L. Nuismer Lab}, \href
                                                  {https://www.iids.uidaho.e...

? 
! Undefined control sequence.
l.79     \entry
               
? 
! Undefined control sequence.
l.82 ^^I^^I{\href
                 {https://www.uidaho.edu/sci/mathstat}{University of Idaho}}
? 

! LaTeX Error: \begin{document} ended by \end{entrylist}.

See the LaTeX manual or LaTeX Companion for explanation.
Type  H <return>  for immediate help.
 ...                                              
                                                  
l.84 \end{entrylist}
                    
? 
! Undefined control sequence.
l.90 \cvsect
            {Peer-Reviewed Publications}
? 

! LaTeX Error: Environment publist undefined.

See the LaTeX manual or LaTeX Companion for explanation.
Type  H <return>  for immediate help.
 ...                                              
                                                  
l.91 \begin{publist}
                    
? 
! Undefined control sequence.
l.92     \pub
             {2023}
? 
! Undefined control sequence.
l.97     \pub
             {2022}
? 
! Undefined control sequence.
l.102     \pub
              {2021}
? 
! Undefined control sequence.
l.107     \pub
              {2021}
? 
! Undefined control sequence.
l.112     \pub
              {2021}
? 
! Undefined control sequence.
l.119     \pub
              {2019}
? 
! Undefined control sequence.
l.124     \pub
              {2019}
? 
! Undefined control sequence.
l.129     \pub
              
? 
! Undefined control sequence.
l.135     \pub
              
? 

! LaTeX Error: \begin{document} ended by \end{publist}.

See the LaTeX manual or LaTeX Companion for explanation.
Type  H <return>  for immediate help.
 ...                                              
                                                  
l.141 \end{publist}
                   
? 
! Undefined control sequence.
l.147 \cvsect
             {Preprints}
? 

! LaTeX Error: Environment publist undefined.

See the LaTeX manual or LaTeX Companion for explanation.
Type  H <return>  for immediate help.
 ...                                              
                                                  
l.148 \begin{publist}
                     
? 
! Undefined control sequence.
l.149     \pub
              {2024}
? 
! Undefined control sequence.
l.154     \pub
              {2024}
? 

! LaTeX Error: \begin{document} ended by \end{publist}.

See the LaTeX manual or LaTeX Companion for explanation.
Type  H <return>  for immediate help.
 ...                                              
                                                  
l.159 \end{publist}
                   
? 
! Undefined control sequence.
l.166 \cvsect
             {Awards}
? 

! LaTeX Error: Environment entrylist undefined.

See the LaTeX manual or LaTeX Companion for explanation.
Type  H <return>  for immediate help.
 ...                                              
                                                  
l.167 \begin{entrylist}
                       
? 
! Undefined control sequence.
l.168     \entry
                
? 
! Undefined control sequence.
l.171         {\href
                    {https://www.iids.uidaho.edu/about.php}{IBEST, Universit...

? 
! Undefined control sequence.
l.173     \entry
                
? 
! Undefined control sequence.
l.176         {\href
                    {https://www.iids.uidaho.edu/about.php}{IBEST, Universit...

? 
! Undefined control sequence.
l.178     \entry
                
? 
! Undefined control sequence.
l.181         {\href
                    {https://www.iids.uidaho.edu/about.php}{IBEST, Universit...

? 
! Undefined control sequence.
l.183     \entry
                
? 
! Undefined control sequence.
l.186         {\href
                    {https://www.iids.uidaho.edu/about.php}{IBEST, Universit...

? 

! LaTeX Error: \begin{document} ended by \end{entrylist}.

See the LaTeX manual or LaTeX Companion for explanation.
Type  H <return>  for immediate help.
 ...                                              
                                                  
l.188 \end{entrylist}
                     
? 
! Undefined control sequence.
l.194 \cvsect
             {Professional Experience}
? 

! LaTeX Error: Environment entrylist undefined.

See the LaTeX manual or LaTeX Companion for explanation.
Type  H <return>  for immediate help.
 ...                                              
                                                  
l.195 \begin{entrylist}
                       
? 
! Undefined control sequence.
l.196 ^^I\entry
               
? 
! Undefined control sequence.
l.199         {\href
                    {https://evoecogen-kiel.de/}{H. Schulenburg Lab, Kiel Un...

? 
! Undefined control sequence.
l.201         \entry
                    
? 
! Undefined control sequence.
l.204         {\href
                    {https://pages.uoregon.edu/bohannanlab/}{B.J.M. Bohannan...

? 
! Undefined control sequence.
l.206         \entry
                    
? 
! Undefined control sequence.
l.209 ^^I^^I{\href
                  {http://www.genescape.org/people.html}{G.S. Bradburd Lab, ...

? 
! Undefined control sequence.
l.211         \entry
                    
? 
! Undefined control sequence.
l.214 ^^I^^I{\href
                  {http://paulcaradonna.weebly.com/}{P.J. CaraDonna Lab, Roc...

? 

! LaTeX Error: \begin{document} ended by \end{entrylist}.

See the LaTeX manual or LaTeX Companion for explanation.
Type  H <return>  for immediate help.
 ...                                              
                                                  
l.216 \end{entrylist}
                     
? 
! Undefined control sequence.
l.222 \cvsect
             {Teaching Experience}
? 

! LaTeX Error: Environment entrylist undefined.

See the LaTeX manual or LaTeX Companion for explanation.
Type  H <return>  for immediate help.
 ...                                              
                                                  
l.223 \begin{entrylist}
                       
? 
! Undefined control sequence.
l.224 ^^I\entry
               
? 
! Undefined control sequence.
l.227 ^^I^^I{\href
                  {https://www.uidaho.edu/sci/biology}{University of Idaho, ...

? 
! Undefined control sequence.
l.229         \entry
                    
? 
! Undefined control sequence.
l.232 ^^I^^I{\href
                  {https://www.clark.edu/academics/programs/dept/mathematics...

? 

! LaTeX Error: \begin{document} ended by \end{entrylist}.

See the LaTeX manual or LaTeX Companion for explanation.
Type  H <return>  for immediate help.
 ...                                              
                                                  
l.234 \end{entrylist}
                     
? 
! Undefined control sequence.
l.240 \cvsect
             {Presentations}
? 

! LaTeX Error: Environment preslist undefined.

See the LaTeX manual or LaTeX Companion for explanation.
Type  H <return>  for immediate help.
 ...                                              
                                                  
l.241 \begin{preslist}
                      
? 
! Undefined control sequence.
l.242     \pres
               
? 
! Undefined control sequence.
l.247     \pres
               
? 
! Undefined control sequence.
l.252     \pres
               
? 
! Undefined control sequence.
l.257     \pres
               
? 
! Undefined control sequence.
l.262     \pres
               
? 
! Undefined control sequence.
l.267     \pres
               
? 
! Undefined control sequence.
l.272     \pres
               
? 
! Undefined control sequence.
l.277     \pres
               
? 

! LaTeX Error: \begin{document} ended by \end{preslist}.

See the LaTeX manual or LaTeX Companion for explanation.
Type  H <return>  for immediate help.
 ...                                              
                                                  
l.282 \end{preslist}
                    
? 
! Undefined control sequence.
l.288 \cvsect
             {Service \& Leadership}
? 

! LaTeX Error: Environment publist undefined.

See the LaTeX manual or LaTeX Companion for explanation.
Type  H <return>  for immediate help.
 ...                                              
                                                  
l.289 \begin{publist}
                     
? 
! Undefined control sequence.
l.290     \pub
              
? 
! Undefined control sequence.
l.294 ... of coevolution for SLiM. See ยง19.7 \href
                                                  {https://github.com/Messer...

? 
! Missing $ inserted.
<inserted text> 
                $
l.294 ...erLab/SLiM/releases/download/v4.0.1/SLiM_
                                                  Manual.pdf}{\emph{here}}.}
? 
LaTeX Font Info:    External font `cmex10' loaded for size
(Font)              <7> on input line 294.
LaTeX Font Info:    External font `cmex10' loaded for size
(Font)              <5> on input line 294.
! Extra }, or forgotten $.
l.294 ...releases/download/v4.0.1/SLiM_Manual.pdf}
                                                  {\emph{here}}.}
? 
! Extra }, or forgotten $.
l.294 ...ad/v4.0.1/SLiM_Manual.pdf}{\emph{here}}.}
                                                  
? 
! Undefined control sequence.
l.296     \entry
                
? 
! Undefined control sequence.
l.299     {\href
                {https://www.iids.uidaho.edu/about.php}{IBEST, University of...

? 
! Undefined control sequence.
l.301     \entry
                
? 

! LaTeX Error: \begin{document} ended by \end{publist}.

See the LaTeX manual or LaTeX Companion for explanation.
Type  H <return>  for immediate help.
 ...                                              
                                                  
l.306 \end{publist}
                   
? 
! Missing $ inserted.
<inserted text> 
                $
l.306 \end{publist}
                   
? 
! Missing } inserted.
<inserted text> 
                }
l.306 \end{publist}
                   
? 
! Missing } inserted.
<inserted text> 
                }
l.306 \end{publist}
                   
? 
! Undefined control sequence.
l.312 \cvsect
             {Societies}
? 

! LaTeX Error: Environment entrylist undefined.

See the LaTeX manual or LaTeX Companion for explanation.
Type  H <return>  for immediate help.
 ...                                              
                                                  
l.313 \begin{entrylist}
                       
? 
! Undefined control sequence.
l.315     \entry
                
? 
! Undefined control sequence.
l.318     {\href
                {https://isnbs.org/}{isnbs.org}}
? 
! Undefined control sequence.
l.321     \entry
                
? 
! Undefined control sequence.
l.324     {\href
                {https://www.amnat.org/home.html}{amnat.org}}
? 

! LaTeX Error: \begin{document} ended by \end{entrylist}.

See the LaTeX manual or LaTeX Companion for explanation.
Type  H <return>  for immediate help.
 ...                                              
                                                  
l.326 \end{entrylist}
                     
? 
! Undefined control sequence.
l.333     \cvsect
                 {Interests}
? 

Underfull \hbox (badness 10000) in paragraph at lines 336--337

 []

! Undefined control sequence.
l.341     \cvsect
                 {Skills}
? 



! LaTeX Error: The font size command \normalsize is not defined:
               there is probably something wrong with the class file.

See the LaTeX manual or LaTeX Companion for explanation.
Type  H <return>  for immediate help.
 ...                                              
                                                  
l.376 \end{document}
                    
? 
[1] (./week_cv.aux)
 ***********
LaTeX2e <2024-06-01> patch level 2
L3 programming layer <2024-09-10>
 ***********
 ) 
Here is how much of TeX's memory you used:
 961 strings out of 474235
 22315 string characters out of 5742252
 508007 words of memory out of 5000000
 23704 multiletter control sequences out of 15000+600000
 558109 words of font info for 41 fonts, out of 8000000 for 9000
 1348 hyphenation exceptions out of 8191
 79i,7n,93p,282b,196s stack positions out of 10000i,1000n,20000p,200000b,200000s

Output written on week_cv.pdf (1 page).
